\BOOKMARK [1][-]{section.1}{\376\377\000I\000n\000t\000r\000o\000d\000u\000c\000t\000i\000o\000n\000\040\000\050\000V\000o\000y\000a\000t\000z\000i\000s\000\051}{}% 1
\BOOKMARK [1][-]{section.2}{\376\377\000C\000e\000l\000l\000u\000l\000e\000-\000t\000y\000p\000e\000\040\000\050\000V\000o\000y\000a\000t\000z\000i\000s\000\051}{}% 2
\BOOKMARK [2][-]{subsection.2.1}{\376\377\000L\000a\000\040\000d\000\351\000f\000i\000n\000i\000t\000i\000o\000n\000\040\000g\000\351\000n\000\351\000r\000a\000l\000e\000\040\000d\000'\000u\000n\000e\000\040\000c\000e\000l\000l\000u\000l\000e\000-\000t\000y\000p\000e}{section.2}% 3
\BOOKMARK [2][-]{subsection.2.2}{\376\377\000L\000a\000\040\000d\000\351\000f\000i\000n\000i\000t\000i\000o\000n\000\040\000s\000p\000\351\000c\000i\000f\000i\000q\000u\000e\000\040\000d\000e\000\040\000l\000a\000\040\000c\000e\000l\000l\000u\000l\000e\000-\000t\000y\000p\000e\000\040\000p\000o\000u\000r\000\040\000c\000o\000m\000p\000a\000r\000a\000i\000s\000o\000n}{section.2}% 4
\BOOKMARK [1][-]{section.3}{\376\377\000S\000c\000h\000\351\000m\000a\000\040\000f\000o\000n\000c\000t\000i\000o\000n\000n\000e\000l\000\040\000d\000u\000\040\000c\000o\000m\000p\000a\000r\000a\000t\000e\000u\000r\000\040\000\050\000V\000o\000y\000a\000t\000z\000i\000s\000\051}{}% 5
\BOOKMARK [2][-]{subsection.3.1}{\376\377\000L\000a\000\040\000d\000\351\000f\000i\000n\000i\000t\000i\000o\000n\000\040\000d\000e\000s\000\040\000s\000i\000g\000n\000a\000u\000x\000\040\000i\000n\000t\000e\000r\000\040\000c\000e\000l\000l\000u\000l\000e\000s}{section.3}% 6
\BOOKMARK [2][-]{subsection.3.2}{\376\377\000L\000a\000\040\000d\000\351\000f\000i\000n\000i\000t\000i\000o\000n\000\040\000d\000e\000s\000\040\000s\000i\000g\000n\000a\000u\000x\000\040\000i\000n\000t\000e\000r\000\040\000c\000e\000l\000l\000u\000l\000e\000s\000\040\000X\000o\000u\000t\000\040\000e\000t\000\040\000Y\000o\000u\000t}{section.3}% 7
\BOOKMARK [2][-]{subsection.3.3}{\376\377\000C\000o\000m\000p\000a\000r\000a\000t\000e\000u\000r}{section.3}% 8
\BOOKMARK [1][-]{section.4}{\376\377\000T\000a\000b\000l\000e\000\040\000d\000e\000\040\000v\000\351\000r\000i\000t\000\351\000\040\000p\000o\000u\000r\000\040\000l\000a\000\040\000c\000e\000l\000l\000u\000l\000e\000-\000t\000y\000p\000e\000\040\000\050\000V\000o\000y\000a\000t\000z\000i\000s\000\051}{}% 9
\BOOKMARK [2][-]{subsection.4.1}{\376\377\000L\000a\000\040\000d\000\351\000f\000i\000n\000i\000t\000i\000o\000n\000\040\000g\000\351\000n\000\351\000r\000a\000l\000e\000\040\000d\000'\000u\000n\000e\000\040\000t\000a\000b\000l\000e\000\040\000d\000e\000\040\000v\000\351\000r\000i\000t\000\351}{section.4}% 10
\BOOKMARK [2][-]{subsection.4.2}{\376\377\000T\000a\000b\000l\000e\000\040\000d\000e\000\040\000v\000\351\000r\000i\000t\000\351}{section.4}% 11
\BOOKMARK [1][-]{section.5}{\376\377\000T\000a\000b\000l\000e\000s\000\040\000d\000e\000\040\000K\000a\000r\000n\000a\000u\000g\000h\000:\000\040\000X\000o\000u\000t\000\040\000e\000t\000\040\000Y\000o\000u\000t\000\040\000\050\000V\000o\000y\000a\000t\000z\000i\000s\000\051}{}% 12
\BOOKMARK [2][-]{subsection.5.1}{\376\377\000D\000\351\000f\000i\000n\000i\000t\000i\000o\000n}{section.5}% 13
\BOOKMARK [2][-]{subsection.5.2}{\376\377\000K\000-\000M\000a\000p\000s\000:\000\040\000X\000o\000u\000t\000\040\000e\000t\000\040\000Y\000o\000u\000t}{section.5}% 14
\BOOKMARK [1][-]{section.6}{\376\377\000R\000\351\000s\000u\000l\000t\000a\000t\000\040\000e\000t\000\040\000d\000i\000s\000c\000u\000s\000s\000i\000o\000n\000\050\000L\000o\000u\000i\000s\000-\000J\000e\000a\000n\000\051}{}% 15
\BOOKMARK [1][-]{section.7}{\376\377\000C\000h\000r\000o\000n\000o\000g\000r\000a\000m\000m\000e\000\040\000d\000e\000\040\000c\000e\000l\000l\000u\000l\000e\000-\000t\000y\000p\000e\000\040\000\050\000L\000o\000u\000i\000s\000-\000J\000e\000a\000n\000\051}{}% 16
\BOOKMARK [1][-]{section.8}{\376\377\000C\000h\000r\000o\000n\000o\000g\000r\000a\000m\000m\000e\000\040\000d\000e\000\040\000T\000e\000s\000t\000\040\000B\000e\000n\000c\000h\000\040\000\050\000L\000o\000u\000i\000s\000-\000J\000e\000a\000n\000\051}{}% 17
\BOOKMARK [1][-]{section.9}{\376\377\000F\000i\000c\000h\000i\000e\000r\000\040\000d\000a\000t\000a\000.\000o\000u\000t\000\040\000\050\000L\000o\000u\000i\000s\000-\000J\000e\000a\000n\000\051}{}% 18
\BOOKMARK [1][-]{section.10}{\376\377\000R\000\351\000s\000u\000l\000t\000a\000t\000\040\000i\000m\000p\000l\000\351\000m\000e\000n\000t\000a\000t\000i\000o\000n\000\040\000m\000a\000t\000\351\000r\000i\000e\000l\000l\000e\000\040\000\050\000L\000o\000u\000i\000s\000-\000J\000e\000a\000n\000\051}{}% 19
\BOOKMARK [1][-]{section.11}{\376\377\000C\000o\000n\000c\000l\000u\000s\000i\000o\000n\000\040\000\050\000L\000o\000u\000i\000s\000-\000J\000e\000a\000n\000\051}{}% 20
